<?xml version="1.0" encoding="UTF-8"?>
<testng-results skipped="0" failed="0" ignored="0" total="1" passed="1">
  <reporter-output>
  </reporter-output>
  <suite name="InetBankingV1" duration-ms="3057" started-at="2021-08-15T14:31:53 EDT" finished-at="2021-08-15T14:31:56 EDT">
    <groups>
    </groups>
    <test name="BankingApp Test" duration-ms="3057" started-at="2021-08-15T14:31:53 EDT" finished-at="2021-08-15T14:31:56 EDT">
      <class name="com.inetBanking.testCases.TC_LoginTest_001">
        <test-method status="PASS" signature="setup(java.lang.String)[pri:0, instance:com.inetBanking.testCases.TC_LoginTest_001@2286778]" name="setup" is-config="true" duration-ms="2227" started-at="2021-08-15T14:31:53 EDT" finished-at="2021-08-15T14:31:55 EDT">
          <params>
            <param index="0">
              <value>
                <![CDATA[chrome]]>
              </value>
            </param>
          </params>
          <reporter-output>
          </reporter-output>
        </test-method> <!-- setup -->
        <test-method status="PASS" signature="loginTest()[pri:0, instance:com.inetBanking.testCases.TC_LoginTest_001@2286778]" name="loginTest" duration-ms="590" started-at="2021-08-15T14:31:56 EDT" finished-at="2021-08-15T14:31:56 EDT">
          <reporter-output>
          </reporter-output>
        </test-method> <!-- loginTest -->
        <test-method status="PASS" signature="tearDown()[pri:0, instance:com.inetBanking.testCases.TC_LoginTest_001@2286778]" name="tearDown" is-config="true" duration-ms="122" started-at="2021-08-15T14:31:56 EDT" finished-at="2021-08-15T14:31:56 EDT">
          <reporter-output>
          </reporter-output>
        </test-method> <!-- tearDown -->
      </class> <!-- com.inetBanking.testCases.TC_LoginTest_001 -->
    </test> <!-- BankingApp Test -->
  </suite> <!-- InetBankingV1 -->
</testng-results>
